[INFO ] 2018-06-29 15:29:03.929 [http-bio-8080-exec-5] DatabaseUtils - configure
[INFO ] 2018-06-29 15:29:03.938 [http-bio-8080-exec-5] DatabaseUtils - connect
[INFO ] 2018-06-29 15:29:04.376 [http-bio-8080-exec-5] DatabaseUtils - disconnect
[INFO ] 2018-06-29 15:29:04.381 [http-bio-8080-exec-5] DatabaseUtils - connect
[INFO ] 2018-06-29 15:29:04.401 [http-bio-8080-exec-5] DatabaseUtils - disconnect
[INFO ] 2018-06-29 15:30:10.668 [http-bio-8080-exec-4] DatabaseUtils - configure
[INFO ] 2018-06-29 15:30:10.678 [http-bio-8080-exec-4] DatabaseUtils - connect
[INFO ] 2018-06-29 15:30:11.079 [http-bio-8080-exec-4] DatabaseUtils - disconnect
[INFO ] 2018-06-29 15:30:11.084 [http-bio-8080-exec-4] DatabaseUtils - connect
[INFO ] 2018-06-29 15:30:11.102 [http-bio-8080-exec-4] DatabaseUtils - disconnect
[INFO ] 2018-06-29 15:30:21.198 [http-bio-8080-exec-8] DatabaseUtils - connect
[INFO ] 2018-06-29 15:30:21.211 [http-bio-8080-exec-8] DatabaseUtils - disconnect
[INFO ] 2018-06-29 15:38:17.665 [http-bio-8080-exec-2] SingleController - init
[INFO ] 2018-06-29 15:38:17.677 [http-bio-8080-exec-2] DatabaseUtils - configure
[INFO ] 2018-06-29 15:38:17.678 [http-bio-8080-exec-2] SingleController - doPost
[INFO ] 2018-06-29 15:38:17.678 [http-bio-8080-exec-2] SingleController - doGet
[INFO ] 2018-06-29 15:38:17.680 [http-bio-8080-exec-2] SingleController - signup
[INFO ] 2018-06-29 15:38:17.685 [http-bio-8080-exec-2] UserService - create
[INFO ] 2018-06-29 15:38:17.685 [http-bio-8080-exec-2] UserRepository - save
[INFO ] 2018-06-29 15:38:17.686 [http-bio-8080-exec-2] UserRepository - connect
[INFO ] 2018-06-29 15:38:17.686 [http-bio-8080-exec-2] DatabaseUtils - connect
[INFO ] 2018-06-29 15:38:18.124 [http-bio-8080-exec-2] UserRepository - disconnect
[INFO ] 2018-06-29 15:38:18.126 [http-bio-8080-exec-2] DatabaseUtils - disconnect
[INFO ] 2018-06-29 15:38:18.134 [http-bio-8080-exec-2] SingleController - signup successful
[INFO ] 2018-06-29 15:38:18.135 [http-bio-8080-exec-2] UserService - read
[INFO ] 2018-06-29 15:38:18.136 [http-bio-8080-exec-2] UserRepository - findOne
[INFO ] 2018-06-29 15:38:18.138 [http-bio-8080-exec-2] UserRepository - connect
[INFO ] 2018-06-29 15:38:18.141 [http-bio-8080-exec-2] DatabaseUtils - connect
[INFO ] 2018-06-29 15:38:18.170 [http-bio-8080-exec-2] UserRepository - disconnect
[INFO ] 2018-06-29 15:38:18.171 [http-bio-8080-exec-2] DatabaseUtils - disconnect
[INFO ] 2018-06-29 15:38:18.175 [http-bio-8080-exec-2] SingleController - showCreateContactPage
[INFO ] 2018-06-29 15:41:32.181 [http-bio-8080-exec-3] SingleController - init
[INFO ] 2018-06-29 15:41:32.189 [http-bio-8080-exec-3] DatabaseUtils - configure
[INFO ] 2018-06-29 15:41:32.190 [http-bio-8080-exec-3] SingleController - doGet
[INFO ] 2018-06-29 15:41:32.191 [http-bio-8080-exec-3] SingleController - showContactsPage
[INFO ] 2018-06-29 15:41:32.192 [http-bio-8080-exec-3] SingleController - readAll
[INFO ] 2018-06-29 15:41:32.195 [http-bio-8080-exec-3] ContactService - readAll
[INFO ] 2018-06-29 15:41:32.195 [http-bio-8080-exec-3] ContactRepository - findAll
[INFO ] 2018-06-29 15:41:32.196 [http-bio-8080-exec-3] ContactRepository - connect
[INFO ] 2018-06-29 15:41:32.198 [http-bio-8080-exec-3] DatabaseUtils - connect
[INFO ] 2018-06-29 15:41:32.553 [http-bio-8080-exec-3] ContactRepository - disconnect
[INFO ] 2018-06-29 15:41:32.553 [http-bio-8080-exec-3] DatabaseUtils - disconnect
[INFO ] 2018-06-29 15:41:40.858 [http-bio-8080-exec-5] SingleController - doPost
[INFO ] 2018-06-29 15:41:40.860 [http-bio-8080-exec-5] SingleController - doGet
[INFO ] 2018-06-29 15:41:40.864 [http-bio-8080-exec-5] SingleController - signup
[INFO ] 2018-06-29 15:41:40.869 [http-bio-8080-exec-5] UserService - create
[INFO ] 2018-06-29 15:41:40.869 [http-bio-8080-exec-5] UserRepository - save
[INFO ] 2018-06-29 15:41:40.871 [http-bio-8080-exec-5] UserRepository - connect
[INFO ] 2018-06-29 15:41:40.871 [http-bio-8080-exec-5] DatabaseUtils - connect
[INFO ] 2018-06-29 15:41:41.035 [http-bio-8080-exec-5] UserRepository - disconnect
[INFO ] 2018-06-29 15:41:41.036 [http-bio-8080-exec-5] DatabaseUtils - disconnect
[INFO ] 2018-06-29 15:41:41.040 [http-bio-8080-exec-5] SingleController - signup successful
[INFO ] 2018-06-29 15:41:41.042 [http-bio-8080-exec-5] UserService - read
[INFO ] 2018-06-29 15:41:41.044 [http-bio-8080-exec-5] UserRepository - findOne
[INFO ] 2018-06-29 15:41:41.049 [http-bio-8080-exec-5] UserRepository - connect
[INFO ] 2018-06-29 15:41:41.051 [http-bio-8080-exec-5] DatabaseUtils - connect
[INFO ] 2018-06-29 15:41:41.075 [http-bio-8080-exec-5] UserRepository - disconnect
[INFO ] 2018-06-29 15:41:41.075 [http-bio-8080-exec-5] DatabaseUtils - disconnect
[INFO ] 2018-06-29 15:41:41.077 [http-bio-8080-exec-5] SingleController - showCreateContactPage
[INFO ] 2018-06-29 15:41:46.919 [http-bio-8080-exec-6] SingleController - doPost
[INFO ] 2018-06-29 15:41:46.919 [http-bio-8080-exec-6] SingleController - doGet
[INFO ] 2018-06-29 15:41:46.924 [http-bio-8080-exec-6] SingleController - create
[INFO ] 2018-06-29 15:41:46.925 [http-bio-8080-exec-6] ContactService - create
[INFO ] 2018-06-29 15:41:46.926 [http-bio-8080-exec-6] ContactRepository - save
[INFO ] 2018-06-29 15:41:46.926 [http-bio-8080-exec-6] ContactRepository - connect
[INFO ] 2018-06-29 15:41:46.927 [http-bio-8080-exec-6] DatabaseUtils - connect
[INFO ] 2018-06-29 15:41:47.048 [http-bio-8080-exec-6] ContactRepository - disconnect
[INFO ] 2018-06-29 15:41:47.049 [http-bio-8080-exec-6] DatabaseUtils - disconnect
[INFO ] 2018-06-29 15:41:47.053 [http-bio-8080-exec-6] SingleController - showMyContactPage
[INFO ] 2018-06-29 15:41:57.468 [http-bio-8080-exec-9] SingleController - doGet
[INFO ] 2018-06-29 15:41:57.474 [http-bio-8080-exec-9] SingleController - showContactsPage
[INFO ] 2018-06-29 15:41:57.475 [http-bio-8080-exec-9] SingleController - readAll
[INFO ] 2018-06-29 15:41:57.476 [http-bio-8080-exec-9] ContactService - readAll
[INFO ] 2018-06-29 15:41:57.476 [http-bio-8080-exec-9] ContactRepository - findAll
[INFO ] 2018-06-29 15:41:57.477 [http-bio-8080-exec-9] ContactRepository - connect
[INFO ] 2018-06-29 15:41:57.477 [http-bio-8080-exec-9] DatabaseUtils - connect
[INFO ] 2018-06-29 15:41:57.486 [http-bio-8080-exec-9] ContactRepository - disconnect
[INFO ] 2018-06-29 15:41:57.486 [http-bio-8080-exec-9] DatabaseUtils - disconnect
[INFO ] 2018-06-30 11:40:44.980 [http-bio-8080-exec-5] SingleController - init
[INFO ] 2018-06-30 11:40:44.990 [http-bio-8080-exec-5] DatabaseUtils - configure
[INFO ] 2018-06-30 11:40:44.994 [http-bio-8080-exec-5] SingleController - doGet
[INFO ] 2018-06-30 11:40:44.997 [http-bio-8080-exec-5] SingleController - showContactsPage
[INFO ] 2018-06-30 11:40:44.998 [http-bio-8080-exec-5] SingleController - readAll
[INFO ] 2018-06-30 11:40:45.003 [http-bio-8080-exec-5] ContactService - readAll
[INFO ] 2018-06-30 11:40:45.003 [http-bio-8080-exec-5] ContactRepository - findAll
[INFO ] 2018-06-30 11:40:45.004 [http-bio-8080-exec-5] ContactRepository - connect
[INFO ] 2018-06-30 11:40:45.005 [http-bio-8080-exec-5] DatabaseUtils - connect
[INFO ] 2018-06-30 11:42:45.857 [http-bio-8080-exec-4] SingleController - init
[INFO ] 2018-06-30 11:42:45.869 [http-bio-8080-exec-4] DatabaseUtils - configure
[INFO ] 2018-06-30 11:42:45.870 [http-bio-8080-exec-4] SingleController - doGet
[INFO ] 2018-06-30 11:42:45.871 [http-bio-8080-exec-4] SingleController - showContactsPage
[INFO ] 2018-06-30 11:42:45.872 [http-bio-8080-exec-4] SingleController - readAll
[INFO ] 2018-06-30 11:42:45.875 [http-bio-8080-exec-4] ContactService - readAll
[INFO ] 2018-06-30 11:42:45.876 [http-bio-8080-exec-4] ContactRepository - findAll
[INFO ] 2018-06-30 11:42:45.876 [http-bio-8080-exec-4] ContactRepository - connect
[INFO ] 2018-06-30 11:42:45.877 [http-bio-8080-exec-4] DatabaseUtils - connect
[INFO ] 2018-06-30 11:42:46.252 [http-bio-8080-exec-4] ContactRepository - disconnect
[INFO ] 2018-06-30 11:42:46.252 [http-bio-8080-exec-4] DatabaseUtils - disconnect
[INFO ] 2018-06-30 11:47:24.860 [http-bio-8080-exec-2] SingleController - init
[INFO ] 2018-06-30 11:47:24.871 [http-bio-8080-exec-2] DatabaseUtils - configure
[INFO ] 2018-06-30 11:47:24.871 [http-bio-8080-exec-2] SingleController - doGet
[INFO ] 2018-06-30 11:47:24.872 [http-bio-8080-exec-2] SingleController - showContactsPage
[INFO ] 2018-06-30 11:47:24.873 [http-bio-8080-exec-2] SingleController - readAll
[INFO ] 2018-06-30 11:47:24.875 [http-bio-8080-exec-2] ContactService - readAll
[INFO ] 2018-06-30 11:47:24.876 [http-bio-8080-exec-2] ContactRepository - findAll
[INFO ] 2018-06-30 11:47:24.876 [http-bio-8080-exec-2] ContactRepository - connect
[INFO ] 2018-06-30 11:47:24.877 [http-bio-8080-exec-2] DatabaseUtils - connect
[INFO ] 2018-06-30 11:47:25.253 [http-bio-8080-exec-2] ContactRepository - disconnect
[INFO ] 2018-06-30 11:47:25.254 [http-bio-8080-exec-2] DatabaseUtils - disconnect
[INFO ] 2018-06-30 12:12:26.240 [http-bio-8080-exec-2] SingleController - init
[INFO ] 2018-06-30 12:12:26.250 [http-bio-8080-exec-2] DatabaseUtils - configure
[INFO ] 2018-06-30 12:12:26.250 [http-bio-8080-exec-2] SingleController - doGet
[INFO ] 2018-06-30 12:12:26.252 [http-bio-8080-exec-2] SingleController - showContactsPage
[INFO ] 2018-06-30 12:12:26.253 [http-bio-8080-exec-2] SingleController - readAll
[INFO ] 2018-06-30 12:12:26.256 [http-bio-8080-exec-2] ContactService - readAll
[INFO ] 2018-06-30 12:12:26.257 [http-bio-8080-exec-2] ContactRepository - findAll
[INFO ] 2018-06-30 12:12:26.257 [http-bio-8080-exec-2] ContactRepository - connect
[INFO ] 2018-06-30 12:12:26.259 [http-bio-8080-exec-2] DatabaseUtils - connect
[INFO ] 2018-06-30 12:12:26.751 [http-bio-8080-exec-2] ContactRepository - disconnect
[INFO ] 2018-06-30 12:12:26.753 [http-bio-8080-exec-2] DatabaseUtils - disconnect
[INFO ] 2018-06-30 12:15:47.952 [http-bio-8080-exec-3] SingleController - init
[INFO ] 2018-06-30 12:15:47.960 [http-bio-8080-exec-3] DatabaseUtils - configure
[INFO ] 2018-06-30 12:15:47.961 [http-bio-8080-exec-3] SingleController - doGet
[INFO ] 2018-06-30 12:15:47.961 [http-bio-8080-exec-3] SingleController - showContactsPage
[INFO ] 2018-06-30 12:15:47.962 [http-bio-8080-exec-3] SingleController - readAll
[INFO ] 2018-06-30 12:15:47.966 [http-bio-8080-exec-3] ContactService - readAll
[INFO ] 2018-06-30 12:15:47.966 [http-bio-8080-exec-3] ContactRepository - findAll
[INFO ] 2018-06-30 12:15:47.968 [http-bio-8080-exec-3] ContactRepository - connect
[INFO ] 2018-06-30 12:15:47.970 [http-bio-8080-exec-3] DatabaseUtils - connect
[INFO ] 2018-06-30 12:15:48.408 [http-bio-8080-exec-3] ContactRepository - disconnect
[INFO ] 2018-06-30 12:15:48.408 [http-bio-8080-exec-3] DatabaseUtils - disconnect
[INFO ] 2018-06-30 12:24:40.367 [http-bio-8080-exec-3] SingleController - init
[INFO ] 2018-06-30 12:24:40.380 [http-bio-8080-exec-3] DatabaseUtils - configure
[INFO ] 2018-06-30 12:24:40.380 [http-bio-8080-exec-3] SingleController - doGet
[INFO ] 2018-06-30 12:24:40.382 [http-bio-8080-exec-3] SingleController - showContactsPage
[INFO ] 2018-06-30 12:24:40.382 [http-bio-8080-exec-3] SingleController - readAll
[INFO ] 2018-06-30 12:24:40.385 [http-bio-8080-exec-3] ContactService - readAll
[INFO ] 2018-06-30 12:24:40.386 [http-bio-8080-exec-3] ContactRepository - findAll
[INFO ] 2018-06-30 12:24:40.386 [http-bio-8080-exec-3] ContactRepository - connect
[INFO ] 2018-06-30 12:24:40.386 [http-bio-8080-exec-3] DatabaseUtils - connect
[INFO ] 2018-06-30 12:24:40.765 [http-bio-8080-exec-3] ContactRepository - disconnect
[INFO ] 2018-06-30 12:24:40.765 [http-bio-8080-exec-3] DatabaseUtils - disconnect
[INFO ] 2018-06-30 12:30:03.167 [http-bio-8080-exec-3] SingleController - init
[INFO ] 2018-06-30 12:30:03.174 [http-bio-8080-exec-3] DatabaseUtils - configure
[INFO ] 2018-06-30 12:30:03.178 [http-bio-8080-exec-3] SingleController - doGet
[INFO ] 2018-06-30 12:30:03.179 [http-bio-8080-exec-3] SingleController - showContactsPage
[INFO ] 2018-06-30 12:30:03.179 [http-bio-8080-exec-3] SingleController - readAll
[INFO ] 2018-06-30 12:30:03.183 [http-bio-8080-exec-3] ContactService - readAll
[INFO ] 2018-06-30 12:30:03.183 [http-bio-8080-exec-3] ContactRepository - findAll
[INFO ] 2018-06-30 12:30:03.184 [http-bio-8080-exec-3] ContactRepository - connect
[INFO ] 2018-06-30 12:30:03.187 [http-bio-8080-exec-3] DatabaseUtils - connect
[INFO ] 2018-06-30 12:30:03.563 [http-bio-8080-exec-3] ContactRepository - disconnect
[INFO ] 2018-06-30 12:30:03.564 [http-bio-8080-exec-3] DatabaseUtils - disconnect
[INFO ] 2018-07-03 13:49:57.480 [http-bio-8080-exec-7] SingleController - init
[INFO ] 2018-07-03 13:49:57.492 [http-bio-8080-exec-7] DatabaseUtils - configure
[INFO ] 2018-07-03 13:49:57.496 [http-bio-8080-exec-7] SingleController - doGet
[INFO ] 2018-07-03 13:49:57.497 [http-bio-8080-exec-7] SingleController - showContactsPage
[INFO ] 2018-07-03 13:49:57.499 [http-bio-8080-exec-7] SingleController - readAll
[INFO ] 2018-07-03 13:49:57.501 [http-bio-8080-exec-7] ContactService - readAll
[INFO ] 2018-07-03 13:49:57.501 [http-bio-8080-exec-7] ContactRepository - findAll
[INFO ] 2018-07-03 13:49:57.503 [http-bio-8080-exec-7] ContactRepository - connect
[INFO ] 2018-07-03 13:49:57.504 [http-bio-8080-exec-7] DatabaseUtils - connect
[INFO ] 2018-07-03 13:49:58.045 [http-bio-8080-exec-7] ContactRepository - disconnect
[INFO ] 2018-07-03 13:49:58.045 [http-bio-8080-exec-7] DatabaseUtils - disconnect
[INFO ] 2018-07-03 13:54:59.553 [http-bio-8080-exec-6] SingleController - init
[INFO ] 2018-07-03 13:54:59.568 [http-bio-8080-exec-6] DatabaseUtils - configure
[INFO ] 2018-07-03 13:54:59.568 [http-bio-8080-exec-6] SingleController - doPost
[INFO ] 2018-07-03 13:54:59.568 [http-bio-8080-exec-6] SingleController - doGet
[INFO ] 2018-07-03 13:54:59.570 [http-bio-8080-exec-6] SingleController - signup
[INFO ] 2018-07-03 13:54:59.576 [http-bio-8080-exec-6] UserService - create
[INFO ] 2018-07-03 13:54:59.577 [http-bio-8080-exec-6] UserRepository - save
[INFO ] 2018-07-03 13:54:59.577 [http-bio-8080-exec-6] UserRepository - connect
[INFO ] 2018-07-03 13:54:59.578 [http-bio-8080-exec-6] DatabaseUtils - connect
[INFO ] 2018-07-03 13:55:00.003 [http-bio-8080-exec-6] UserRepository - disconnect
[INFO ] 2018-07-03 13:55:00.005 [http-bio-8080-exec-6] DatabaseUtils - disconnect
[INFO ] 2018-07-03 13:55:00.010 [http-bio-8080-exec-6] SingleController - signup successful
[INFO ] 2018-07-03 13:55:00.012 [http-bio-8080-exec-6] UserService - read
[INFO ] 2018-07-03 13:55:00.013 [http-bio-8080-exec-6] UserRepository - findOne
[INFO ] 2018-07-03 13:55:00.014 [http-bio-8080-exec-6] UserRepository - connect
[INFO ] 2018-07-03 13:55:00.015 [http-bio-8080-exec-6] DatabaseUtils - connect
[INFO ] 2018-07-03 13:55:00.047 [http-bio-8080-exec-6] UserRepository - disconnect
[INFO ] 2018-07-03 13:55:00.047 [http-bio-8080-exec-6] DatabaseUtils - disconnect
[INFO ] 2018-07-03 13:55:00.050 [http-bio-8080-exec-6] SingleController - showCreateContactPage
[INFO ] 2018-07-03 13:56:13.313 [http-bio-8080-exec-10] SingleController - init
[INFO ] 2018-07-03 13:56:13.327 [http-bio-8080-exec-10] DatabaseUtils - configure
[INFO ] 2018-07-03 13:56:13.327 [http-bio-8080-exec-10] SingleController - doGet
[INFO ] 2018-07-03 13:56:13.329 [http-bio-8080-exec-10] SingleController - showContactsPage
[INFO ] 2018-07-03 13:56:13.329 [http-bio-8080-exec-10] SingleController - readAll
[INFO ] 2018-07-03 13:56:13.334 [http-bio-8080-exec-10] ContactService - readAll
[INFO ] 2018-07-03 13:56:13.334 [http-bio-8080-exec-10] ContactRepository - findAll
[INFO ] 2018-07-03 13:56:13.336 [http-bio-8080-exec-10] ContactRepository - connect
[INFO ] 2018-07-03 13:56:13.336 [http-bio-8080-exec-10] DatabaseUtils - connect
[INFO ] 2018-07-03 13:56:39.345 [http-bio-8080-exec-4] SingleController - doGet
[INFO ] 2018-07-03 13:56:39.348 [http-bio-8080-exec-4] SingleController - showContactsPage
[INFO ] 2018-07-03 13:56:39.351 [http-bio-8080-exec-4] SingleController - readAll
[INFO ] 2018-07-03 13:56:39.352 [http-bio-8080-exec-4] ContactService - readAll
[INFO ] 2018-07-03 13:56:39.353 [http-bio-8080-exec-4] ContactRepository - findAll
[INFO ] 2018-07-03 13:56:39.353 [http-bio-8080-exec-4] ContactRepository - connect
[INFO ] 2018-07-03 13:56:39.354 [http-bio-8080-exec-4] DatabaseUtils - connect
[INFO ] 2018-07-03 13:56:47.297 [http-bio-8080-exec-7] SingleController - doPost
[INFO ] 2018-07-03 13:56:47.297 [http-bio-8080-exec-7] SingleController - doGet
[INFO ] 2018-07-03 13:56:47.303 [http-bio-8080-exec-7] SingleController - signup
[INFO ] 2018-07-03 13:56:47.308 [http-bio-8080-exec-7] UserService - create
[INFO ] 2018-07-03 13:56:47.308 [http-bio-8080-exec-7] UserRepository - save
[INFO ] 2018-07-03 13:56:47.309 [http-bio-8080-exec-7] UserRepository - connect
[INFO ] 2018-07-03 13:56:47.311 [http-bio-8080-exec-7] DatabaseUtils - connect
